<?xml version="1.0" encoding="UTF-8"?>
<!-- Generated by org.testng.reporters.JUnitReportReporter -->
<testsuite hostname="Shivani" failures="0" tests="69" name="runner.testRunner2" time="91.055" errors="0" timestamp="2023-05-23T14:12:29 CDT" skipped="0">
  <testcase classname="runner.testRunner2" name="runScenario" time="0.168"/>
  <system-out/>
  <testcase classname="runner.testRunner2" name="runScenario" time="1.078"/>
  <system-out/>
  <testcase classname="runner.testRunner2" name="runScenario" time="0.764"/>
  <system-out/>
  <testcase classname="runner.testRunner2" name="runScenario" time="7.082"/>
  <system-out/>
  <testcase classname="runner.testRunner2" name="runScenario" time="0.239"/>
  <system-out/>
  <testcase classname="runner.testRunner2" name="runScenario" time="0.492"/>
  <system-out/>
  <testcase classname="runner.testRunner2" name="runScenario" time="0.466"/>
  <system-out/>
  <testcase classname="runner.testRunner2" name="runScenario" time="0.165"/>
  <system-out/>
  <testcase classname="runner.testRunner2" name="runScenario" time="0.962"/>
  <system-out/>
  <testcase classname="runner.testRunner2" name="runScenario" time="7.009"/>
  <system-out/>
  <testcase classname="runner.testRunner2" name="runScenario" time="1.132"/>
  <system-out/>
  <testcase classname="runner.testRunner2" name="runScenario" time="0.189"/>
  <system-out/>
  <testcase classname="runner.testRunner2" name="runScenario" time="0.942"/>
  <system-out/>
  <testcase classname="runner.testRunner2" name="runScenario" time="1.159"/>
  <system-out/>
  <testcase classname="runner.testRunner2" name="runScenario" time="0.701"/>
  <system-out/>
  <testcase classname="runner.testRunner2" name="runScenario" time="1.446"/>
  <system-out/>
  <testcase classname="runner.testRunner2" name="runScenario" time="0.916"/>
  <system-out/>
  <testcase classname="runner.testRunner2" name="runScenario" time="1.022"/>
  <system-out/>
  <testcase classname="runner.testRunner2" name="runScenario" time="0.859"/>
  <system-out/>
  <testcase classname="runner.testRunner2" name="runScenario" time="0.440"/>
  <system-out/>
  <testcase classname="runner.testRunner2" name="runScenario" time="1.107"/>
  <system-out/>
  <testcase classname="runner.testRunner2" name="runScenario" time="0.361"/>
  <system-out/>
  <testcase classname="runner.testRunner2" name="runScenario" time="2.533"/>
  <system-out/>
  <testcase classname="runner.testRunner2" name="runScenario" time="1.033"/>
  <system-out/>
  <testcase classname="runner.testRunner2" name="runScenario" time="0.960"/>
  <system-out/>
  <testcase classname="runner.testRunner2" name="runScenario" time="0.753"/>
  <system-out/>
  <testcase classname="runner.testRunner2" name="runScenario" time="0.848"/>
  <system-out/>
  <testcase classname="runner.testRunner2" name="runScenario" time="1.049"/>
  <system-out/>
  <testcase classname="runner.testRunner2" name="runScenario" time="0.910"/>
  <system-out/>
  <testcase classname="runner.testRunner2" name="runScenario" time="0.180"/>
  <system-out/>
  <testcase classname="runner.testRunner2" name="runScenario" time="0.170"/>
  <system-out/>
  <testcase classname="runner.testRunner2" name="runScenario" time="0.965"/>
  <system-out/>
  <testcase classname="runner.testRunner2" name="runScenario" time="0.595"/>
  <system-out/>
  <testcase classname="runner.testRunner2" name="runScenario" time="0.766"/>
  <system-out/>
  <testcase classname="runner.testRunner2" name="runScenario" time="0.921"/>
  <system-out/>
  <testcase classname="runner.testRunner2" name="runScenario" time="0.942"/>
  <system-out/>
  <testcase classname="runner.testRunner2" name="runScenario" time="1.111"/>
  <system-out/>
  <testcase classname="runner.testRunner2" name="runScenario" time="0.320"/>
  <system-out/>
  <testcase classname="runner.testRunner2" name="runScenario" time="0.956"/>
  <system-out/>
  <testcase classname="runner.testRunner2" name="runScenario" time="1.098"/>
  <system-out/>
  <testcase classname="runner.testRunner2" name="runScenario" time="0.194"/>
  <system-out/>
  <testcase classname="runner.testRunner2" name="runScenario" time="1.018"/>
  <system-out/>
  <testcase classname="runner.testRunner2" name="runScenario" time="0.975"/>
  <system-out/>
  <testcase classname="runner.testRunner2" name="runScenario" time="1.080"/>
  <system-out/>
  <testcase classname="runner.testRunner2" name="runScenario" time="0.960"/>
  <system-out/>
  <testcase classname="runner.testRunner2" name="runScenario" time="1.025"/>
  <system-out/>
  <testcase classname="runner.testRunner2" name="runScenario" time="2.442"/>
  <system-out/>
  <testcase classname="runner.testRunner2" name="runScenario" time="4.703"/>
  <system-out/>
  <testcase classname="runner.testRunner2" name="runScenario" time="0.379"/>
  <system-out/>
  <testcase classname="runner.testRunner2" name="runScenario" time="0.973"/>
  <system-out/>
  <testcase classname="runner.testRunner2" name="runScenario" time="0.437"/>
  <system-out/>
  <testcase classname="runner.testRunner2" name="runScenario" time="0.905"/>
  <system-out/>
  <testcase classname="runner.testRunner2" name="runScenario" time="0.649"/>
  <system-out/>
  <testcase classname="runner.testRunner2" name="runScenario" time="0.871"/>
  <system-out/>
  <testcase classname="runner.testRunner2" name="runScenario" time="0.865"/>
  <system-out/>
  <testcase classname="runner.testRunner2" name="runScenario" time="3.260"/>
  <system-out/>
  <testcase classname="runner.testRunner2" name="runScenario" time="8.463"/>
  <system-out/>
  <testcase classname="runner.testRunner2" name="runScenario" time="1.085"/>
  <system-out/>
  <testcase classname="runner.testRunner2" name="runScenario" time="0.929"/>
  <system-out/>
  <testcase classname="runner.testRunner2" name="runScenario" time="0.909"/>
  <system-out/>
  <testcase classname="runner.testRunner2" name="runScenario" time="0.152"/>
  <system-out/>
  <testcase classname="runner.testRunner2" name="runScenario" time="1.495"/>
  <system-out/>
  <testcase classname="runner.testRunner2" name="runScenario" time="0.980"/>
  <system-out/>
  <testcase classname="runner.testRunner2" name="runScenario" time="5.281"/>
  <system-out/>
  <testcase classname="runner.testRunner2" name="runScenario" time="1.061"/>
  <system-out/>
  <testcase classname="runner.testRunner2" name="runScenario" time="2.644"/>
  <system-out/>
  <testcase classname="runner.testRunner2" name="runScenario" time="0.907"/>
  <system-out/>
  <testcase classname="runner.testRunner2" name="runScenario" time="0.633"/>
  <system-out/>
  <testcase classname="runner.testRunner2" name="runScenario" time="0.971"/>
  <system-out/>
</testsuite> <!-- runner.testRunner2 -->
